<html>
<head>
<title>TestNG:  C:/Users/ZTE_testing/IdeaProjects/WebDriverTest/src/test/java/RegressionTest/DataProviderWithExcel_all.java</title>
<link href="../testng.css" rel="stylesheet" type="text/css" />
<link href="../my-testng.css" rel="stylesheet" type="text/css" />

<style type="text/css">
.log { display: none;} 
.stack-trace { display: none;} 
</style>
<script type="text/javascript">
<!--
function flip(e) {
  current = e.style.display;
  if (current == 'block') {
    e.style.display = 'none';
    return 0;
  }
  else {
    e.style.display = 'block';
    return 1;
  }
}

function toggleBox(szDivId, elem, msg1, msg2)
{
  var res = -1;  if (document.getElementById) {
    res = flip(document.getElementById(szDivId));
  }
  else if (document.all) {
    // this is the way old msie versions work
    res = flip(document.all[szDivId]);
  }
  if(elem) {
    if(res == 0) elem.innerHTML = msg1; else elem.innerHTML = msg2;
  }

}

function toggleAllBoxes() {
  if (document.getElementsByTagName) {
    d = document.getElementsByTagName('div');
    for (i = 0; i < d.length; i++) {
      if (d[i].className == 'log') {
        flip(d[i]);
      }
    }
  }
}

// -->
</script>

</head>
<body>
<h2 align='center'>C:/Users/ZTE_testing/IdeaProjects/WebDriverTest/src/test/java/RegressionTest/DataProviderWithExcel_all.java</h2><table border='1' align="center">
<tr>
<td>Tests passed/Failed/Skipped:</td><td>0/0/10</td>
</tr><tr>
<td>Started on:</td><td>Wed Mar 20 08:15:30 CET 2019</td>
</tr>
<tr><td>Total time:</td><td>2 seconds (2757 ms)</td>
</tr><tr>
<td>Included groups:</td><td></td>
</tr><tr>
<td>Excluded groups:</td><td></td>
</tr>
</table><p/>
<small><i>(Hover the method name to see the test class name)</i></small><p/>
<table width='100%' border='1' class='invocation-failed'>
<tr><td colspan='4' align='center'><b>FAILED CONFIGURATIONS</b></td></tr>
<tr><td><b>Test method</b></td>
<td width="30%"><b>Exception</b></td>
<td width="10%"><b>Time (seconds)</b></td>
<td><b>Instance</b></td>
</tr>
<tr>
<td title='RegressionTest.DataProviderWithExcel_all.setUp()'><b>setUp</b><br>Test class: RegressionTest.DataProviderWithExcel_all</td>
<td><div><pre>org.testng.TestNGException: 
Parameter &apos;browser&apos; is required by @Configuration on method setUp but has not been marked @Optional or defined
in C:\Users\ZTE_testing\IdeaProjects\WebDriverTest\testng.xml
	at org.testng.internal.Parameters.createParameters(Parameters.java:155)
	at org.testng.internal.Parameters.createParameters(Parameters.java:355)
	at org.testng.internal.Parameters.createConfigurationParameters(Parameters.java:86)
	at org.testng.internal.Invoker.invokeConfigurations(Invoker.java:199)
	at org.testng.internal.Invoker.invokeConfigurations(Invoker.java:138)
	at org.testng.internal.TestMethodWorker.invokeBeforeClassMethods(TestMethodWorker.java:175)
	at org.testng.internal.TestMethodWorker.run(TestMethodWorker.java:107)
	at org.testng.TestRunner.privateRun(TestRunner.java:767)
	at org.testng.TestRunner.run(TestRunner.java:617)
	at org.testng.SuiteRunner.runTest(SuiteRunner.java:334)
	at org.testng.SuiteRunner.runSequentially(SuiteRunner.java:329)
	at org.testng.SuiteRunner.privateRun(SuiteRunner.java:291)
	at org.testng.SuiteRunner.run(SuiteRunner.java:240)
	at org.testng.SuiteRunnerWorker.runSuite(SuiteRunnerWorker.java:52)
	at org.testng.SuiteRunnerWorker.run(SuiteRunnerWorker.java:86)
	at org.testng.TestNG.runSuitesSequentially(TestNG.java:1198)
	at org.testng.TestNG.runSuitesLocally(TestNG.java:1123)
	at org.testng.TestNG.run(TestNG.java:1031)
	at org.testng.IDEARemoteTestNG.run(IDEARemoteTestNG.java:73)
	at org.testng.RemoteTestNGStarter.main(RemoteTestNGStarter.java:123)
</pre></div><a href='#' onClick='toggleBox("stack-trace1740000325", this, "Click to show all stack frames", "Click to hide stack frames")'>Click to show all stack frames</a>
<div class='stack-trace' id='stack-trace1740000325'><pre>org.testng.TestNGException: 
Parameter &apos;browser&apos; is required by @Configuration on method setUp but has not been marked @Optional or defined
in C:\Users\ZTE_testing\IdeaProjects\WebDriverTest\testng.xml
	at org.testng.internal.Parameters.createParameters(Parameters.java:155)
	at org.testng.internal.Parameters.createParameters(Parameters.java:355)
	at org.testng.internal.Parameters.createConfigurationParameters(Parameters.java:86)
	at org.testng.internal.Invoker.invokeConfigurations(Invoker.java:199)
	at org.testng.internal.Invoker.invokeConfigurations(Invoker.java:138)
	at org.testng.internal.TestMethodWorker.invokeBeforeClassMethods(TestMethodWorker.java:175)
	at org.testng.internal.TestMethodWorker.run(TestMethodWorker.java:107)
	at org.testng.TestRunner.privateRun(TestRunner.java:767)
	at org.testng.TestRunner.run(TestRunner.java:617)
	at org.testng.SuiteRunner.runTest(SuiteRunner.java:334)
	at org.testng.SuiteRunner.runSequentially(SuiteRunner.java:329)
	at org.testng.SuiteRunner.privateRun(SuiteRunner.java:291)
	at org.testng.SuiteRunner.run(SuiteRunner.java:240)
	at org.testng.SuiteRunnerWorker.runSuite(SuiteRunnerWorker.java:52)
	at org.testng.SuiteRunnerWorker.run(SuiteRunnerWorker.java:86)
	at org.testng.TestNG.runSuitesSequentially(TestNG.java:1198)
	at org.testng.TestNG.runSuitesLocally(TestNG.java:1123)
	at org.testng.TestNG.run(TestNG.java:1031)
	at org.testng.IDEARemoteTestNG.run(IDEARemoteTestNG.java:73)
	at org.testng.RemoteTestNGStarter.main(RemoteTestNGStarter.java:123)
</pre></div></td>
<td>0</td>
<td>RegressionTest.DataProviderWithExcel_all@11531931</td></tr>
<tr>
<td title='RegressionTest.DataProviderWithExcel_all.tearDown()'><b>tearDown</b><br>Test class: RegressionTest.DataProviderWithExcel_all</td>
<td><div><pre>java.lang.NullPointerException
	at java.util.Objects.requireNonNull(Objects.java:203)
	at org.openqa.selenium.interactions.Actions.&lt;init&gt;(Actions.java:65)
	at utilities.mouseOver_Test.A001_mouseover(mouseOver_Test.java:13)
	at utilities.loginAdmin001.Z1000_logout(loginAdmin001.java:47)
	at RegressionTest.DataProviderWithExcel_all.tearDown(DataProviderWithExcel_all.java:250)
	at sun.reflect.NativeMethodAccessorImpl.invoke0(Native Method)
	at sun.reflect.NativeMethodAccessorImpl.invoke(NativeMethodAccessorImpl.java:62)
	at sun.reflect.DelegatingMethodAccessorImpl.invoke(DelegatingMethodAccessorImpl.java:43)
	at java.lang.reflect.Method.invoke(Method.java:498)
	at org.testng.internal.MethodInvocationHelper.invokeMethod(MethodInvocationHelper.java:80)
	at org.testng.internal.Invoker.invokeConfigurationMethod(Invoker.java:564)
	at org.testng.internal.Invoker.invokeConfigurations(Invoker.java:213)
	at org.testng.internal.Invoker.invokeConfigurations(Invoker.java:138)
	at org.testng.internal.TestMethodWorker.invokeAfterClassMethods(TestMethodWorker.java:225)
	at org.testng.internal.TestMethodWorker.run(TestMethodWorker.java:114)
	at org.testng.TestRunner.privateRun(TestRunner.java:767)
	at org.testng.TestRunner.run(TestRunner.java:617)
	at org.testng.SuiteRunner.runTest(SuiteRunner.java:334)
	at org.testng.SuiteRunner.runSequentially(SuiteRunner.java:329)
	at org.testng.SuiteRunner.privateRun(SuiteRunner.java:291)
	at org.testng.SuiteRunner.run(SuiteRunner.java:240)
	at org.testng.SuiteRunnerWorker.runSuite(SuiteRunnerWorker.java:52)
	at org.testng.SuiteRunnerWorker.run(SuiteRunnerWorker.java:86)
	at org.testng.TestNG.runSuitesSequentially(TestNG.java:1198)
	at org.testng.TestNG.runSuitesLocally(TestNG.java:1123)
	at org.testng.TestNG.run(TestNG.java:1031)
	at org.testng.IDEARemoteTestNG.run(IDEARemoteTestNG.java:73)
	at org.testng.RemoteTestNGStarter.main(RemoteTestNGStarter.java:123)
</pre></div><a href='#' onClick='toggleBox("stack-trace1069716895", this, "Click to show all stack frames", "Click to hide stack frames")'>Click to show all stack frames</a>
<div class='stack-trace' id='stack-trace1069716895'><pre>java.lang.NullPointerException
	at java.util.Objects.requireNonNull(Objects.java:203)
	at org.openqa.selenium.interactions.Actions.&lt;init&gt;(Actions.java:65)
	at utilities.mouseOver_Test.A001_mouseover(mouseOver_Test.java:13)
	at utilities.loginAdmin001.Z1000_logout(loginAdmin001.java:47)
	at RegressionTest.DataProviderWithExcel_all.tearDown(DataProviderWithExcel_all.java:250)
	at sun.reflect.NativeMethodAccessorImpl.invoke0(Native Method)
	at sun.reflect.NativeMethodAccessorImpl.invoke(NativeMethodAccessorImpl.java:62)
	at sun.reflect.DelegatingMethodAccessorImpl.invoke(DelegatingMethodAccessorImpl.java:43)
	at java.lang.reflect.Method.invoke(Method.java:498)
	at org.testng.internal.MethodInvocationHelper.invokeMethod(MethodInvocationHelper.java:80)
	at org.testng.internal.Invoker.invokeConfigurationMethod(Invoker.java:564)
	at org.testng.internal.Invoker.invokeConfigurations(Invoker.java:213)
	at org.testng.internal.Invoker.invokeConfigurations(Invoker.java:138)
	at org.testng.internal.TestMethodWorker.invokeAfterClassMethods(TestMethodWorker.java:225)
	at org.testng.internal.TestMethodWorker.run(TestMethodWorker.java:114)
	at org.testng.TestRunner.privateRun(TestRunner.java:767)
	at org.testng.TestRunner.run(TestRunner.java:617)
	at org.testng.SuiteRunner.runTest(SuiteRunner.java:334)
	at org.testng.SuiteRunner.runSequentially(SuiteRunner.java:329)
	at org.testng.SuiteRunner.privateRun(SuiteRunner.java:291)
	at org.testng.SuiteRunner.run(SuiteRunner.java:240)
	at org.testng.SuiteRunnerWorker.runSuite(SuiteRunnerWorker.java:52)
	at org.testng.SuiteRunnerWorker.run(SuiteRunnerWorker.java:86)
	at org.testng.TestNG.runSuitesSequentially(TestNG.java:1198)
	at org.testng.TestNG.runSuitesLocally(TestNG.java:1123)
	at org.testng.TestNG.run(TestNG.java:1031)
	at org.testng.IDEARemoteTestNG.run(IDEARemoteTestNG.java:73)
	at org.testng.RemoteTestNGStarter.main(RemoteTestNGStarter.java:123)
</pre></div></td>
<td>0</td>
<td>RegressionTest.DataProviderWithExcel_all@11531931</td></tr>
</table><p>
<table width='100%' border='1' class='invocation-skipped'>
<tr><td colspan='4' align='center'><b>SKIPPED TESTS</b></td></tr>
<tr><td><b>Test method</b></td>
<td width="30%"><b>Exception</b></td>
<td width="10%"><b>Time (seconds)</b></td>
<td><b>Instance</b></td>
</tr>
<tr>
<td title='RegressionTest.DataProviderWithExcel_all.A002_adduser()'><b>A002_adduser</b><br>Test class: RegressionTest.DataProviderWithExcel_all<br>Parameters: addUserRole, zz_nase1, zz_nase1@emailgehtnicht.de, ZZ, Nase1, $_1234%!zz_nase1, false, Mitarbeiter</td>
<td></td>
<td>0</td>
<td>RegressionTest.DataProviderWithExcel_all@11531931</td></tr>
<tr>
<td title='RegressionTest.DataProviderWithExcel_all.A002_adduser()'><b>A002_adduser</b><br>Test class: RegressionTest.DataProviderWithExcel_all<br>Parameters: addUserRole, zz_nase2, zz_nase2@emailgehtnicht.de, ZZ, Nase2, $_1234%!zz_nase2, false, Abonnent</td>
<td></td>
<td>0</td>
<td>RegressionTest.DataProviderWithExcel_all@11531931</td></tr>
<tr>
<td title='RegressionTest.DataProviderWithExcel_all.A002_adduser()'><b>A002_adduser</b><br>Test class: RegressionTest.DataProviderWithExcel_all<br>Parameters: addUserRole, zz_nase3, zz_nase3@emailgehtnicht.de, ZZ, Nase3, $_1234%!zz_nase3, false, Autor</td>
<td></td>
<td>0</td>
<td>RegressionTest.DataProviderWithExcel_all@11531931</td></tr>
<tr>
<td title='RegressionTest.DataProviderWithExcel_all.A002_adduser()'><b>A002_adduser</b><br>Test class: RegressionTest.DataProviderWithExcel_all<br>Parameters: addUserRole, zz_nase4, zz_nase4@emailgehtnicht.de, ZZ, Nase4, $_1234%!zz_nase4, false, Redakteur</td>
<td></td>
<td>0</td>
<td>RegressionTest.DataProviderWithExcel_all@11531931</td></tr>
<tr>
<td title='RegressionTest.DataProviderWithExcel_all.A002_adduser()'><b>A002_adduser</b><br>Test class: RegressionTest.DataProviderWithExcel_all<br>Parameters: addUserRole, zz_nase5, zz_nase5@emailgehtnicht.de, ZZ, Nase5, $_1234%!zz_nase5, false, Administrator</td>
<td></td>
<td>0</td>
<td>RegressionTest.DataProviderWithExcel_all@11531931</td></tr>
<tr>
<td title='RegressionTest.DataProviderWithExcel_all.A002_adduser()'><b>A002_adduser</b><br>Test class: RegressionTest.DataProviderWithExcel_all<br>Parameters: addUserRole, zz_nase6, zz_nase6@emailgehtnicht.de, ZZ, Nase6, $_1234%!zz_nase6, false, Abonnent</td>
<td></td>
<td>0</td>
<td>RegressionTest.DataProviderWithExcel_all@11531931</td></tr>
<tr>
<td title='RegressionTest.DataProviderWithExcel_all.A002_adduser()'><b>A002_adduser</b><br>Test class: RegressionTest.DataProviderWithExcel_all<br>Parameters: addUserRole, zz_nase7, zz_nase7@emailgehtnicht.de, ZZ, Nase7, $_1234%!zz_nase7, false, Autor</td>
<td></td>
<td>0</td>
<td>RegressionTest.DataProviderWithExcel_all@11531931</td></tr>
<tr>
<td title='RegressionTest.DataProviderWithExcel_all.A002_adduser()'><b>A002_adduser</b><br>Test class: RegressionTest.DataProviderWithExcel_all<br>Parameters: addUserRole, zz_nase8, zz_nase8@emailgehtnicht.de, ZZ, Nase8, $_1234zz, false, Redakteur</td>
<td></td>
<td>0</td>
<td>RegressionTest.DataProviderWithExcel_all@11531931</td></tr>
<tr>
<td title='RegressionTest.DataProviderWithExcel_all.A002_adduser()'><b>A002_adduser</b><br>Test class: RegressionTest.DataProviderWithExcel_all<br>Parameters: addUserRole, zz_nase9, zz_nase9@emailgehtnicht.de, ZZ, Nase9, $_, false, Mitarbeiter</td>
<td></td>
<td>0</td>
<td>RegressionTest.DataProviderWithExcel_all@11531931</td></tr>
<tr>
<td title='RegressionTest.DataProviderWithExcel_all.B020_deleteUserMultiSelection()'><b>B020_deleteUserMultiSelection</b><br>Test class: RegressionTest.DataProviderWithExcel_all<br>Parameters: DeleteUser(Several), zz_nase</td>
<td></td>
<td>0</td>
<td>RegressionTest.DataProviderWithExcel_all@11531931</td></tr>
</table><p>
</body>
</html>