<?xml version="1.0" encoding="UTF-8"?>
<!-- Generated by org.testng.reporters.JUnitXMLReporter -->
<testsuite hostname="DESKTOP-819O6GE" name="C:/Users/ZTE_testing/IdeaProjects/WebDriverTest/src/test/java/RegressionTest/DataProviderWithExcel_all.java" tests="10" failures="0" timestamp="20 Mar 2019 07:15:33 GMT" time="2.757" errors="0">
  <testcase name="@BeforeClass setUp" time="0.0" classname="RegressionTest.DataProviderWithExcel_all">
    <failure type="org.testng.TestNGException" message="
Parameter &amp;apos;browser&amp;apos; is required by @Configuration on method setUp but has not been marked @Optional or defined
in C:\Users\ZTE_testing\IdeaProjects\WebDriverTest\testng.xml">
      <![CDATA[org.testng.TestNGException: 
Parameter 'browser' is required by @Configuration on method setUp but has not been marked @Optional or defined
in C:\Users\ZTE_testing\IdeaProjects\WebDriverTest\testng.xml
	at org.testng.internal.Parameters.createParameters(Parameters.java:155)
	at org.testng.internal.Parameters.createParameters(Parameters.java:355)
	at org.testng.internal.Parameters.createConfigurationParameters(Parameters.java:86)
	at org.testng.internal.Invoker.invokeConfigurations(Invoker.java:199)
	at org.testng.internal.Invoker.invokeConfigurations(Invoker.java:138)
	at org.testng.internal.TestMethodWorker.invokeBeforeClassMethods(TestMethodWorker.java:175)
	at org.testng.internal.TestMethodWorker.run(TestMethodWorker.java:107)
	at org.testng.TestRunner.privateRun(TestRunner.java:767)
	at org.testng.TestRunner.run(TestRunner.java:617)
	at org.testng.SuiteRunner.runTest(SuiteRunner.java:334)
	at org.testng.SuiteRunner.runSequentially(SuiteRunner.java:329)
	at org.testng.SuiteRunner.privateRun(SuiteRunner.java:291)
	at org.testng.SuiteRunner.run(SuiteRunner.java:240)
	at org.testng.SuiteRunnerWorker.runSuite(SuiteRunnerWorker.java:52)
	at org.testng.SuiteRunnerWorker.run(SuiteRunnerWorker.java:86)
	at org.testng.TestNG.runSuitesSequentially(TestNG.java:1198)
	at org.testng.TestNG.runSuitesLocally(TestNG.java:1123)
	at org.testng.TestNG.run(TestNG.java:1031)
	at org.testng.IDEARemoteTestNG.run(IDEARemoteTestNG.java:73)
	at org.testng.RemoteTestNGStarter.main(RemoteTestNGStarter.java:123)
]]>
    </failure>
  </testcase> <!-- @BeforeClass setUp -->
  <testcase name="@AfterClass tearDown" time="0.0" classname="RegressionTest.DataProviderWithExcel_all">
    <failure type="java.lang.NullPointerException">
      <![CDATA[java.lang.NullPointerException
	at java.util.Objects.requireNonNull(Objects.java:203)
	at org.openqa.selenium.interactions.Actions.<init>(Actions.java:65)
	at utilities.mouseOver_Test.A001_mouseover(mouseOver_Test.java:13)
	at utilities.loginAdmin001.Z1000_logout(loginAdmin001.java:47)
	at RegressionTest.DataProviderWithExcel_all.tearDown(DataProviderWithExcel_all.java:250)
	at sun.reflect.NativeMethodAccessorImpl.invoke0(Native Method)
	at sun.reflect.NativeMethodAccessorImpl.invoke(NativeMethodAccessorImpl.java:62)
	at sun.reflect.DelegatingMethodAccessorImpl.invoke(DelegatingMethodAccessorImpl.java:43)
	at java.lang.reflect.Method.invoke(Method.java:498)
	at org.testng.internal.MethodInvocationHelper.invokeMethod(MethodInvocationHelper.java:80)
	at org.testng.internal.Invoker.invokeConfigurationMethod(Invoker.java:564)
	at org.testng.internal.Invoker.invokeConfigurations(Invoker.java:213)
	at org.testng.internal.Invoker.invokeConfigurations(Invoker.java:138)
	at org.testng.internal.TestMethodWorker.invokeAfterClassMethods(TestMethodWorker.java:225)
	at org.testng.internal.TestMethodWorker.run(TestMethodWorker.java:114)
	at org.testng.TestRunner.privateRun(TestRunner.java:767)
	at org.testng.TestRunner.run(TestRunner.java:617)
	at org.testng.SuiteRunner.runTest(SuiteRunner.java:334)
	at org.testng.SuiteRunner.runSequentially(SuiteRunner.java:329)
	at org.testng.SuiteRunner.privateRun(SuiteRunner.java:291)
	at org.testng.SuiteRunner.run(SuiteRunner.java:240)
	at org.testng.SuiteRunnerWorker.runSuite(SuiteRunnerWorker.java:52)
	at org.testng.SuiteRunnerWorker.run(SuiteRunnerWorker.java:86)
	at org.testng.TestNG.runSuitesSequentially(TestNG.java:1198)
	at org.testng.TestNG.runSuitesLocally(TestNG.java:1123)
	at org.testng.TestNG.run(TestNG.java:1031)
	at org.testng.IDEARemoteTestNG.run(IDEARemoteTestNG.java:73)
	at org.testng.RemoteTestNGStarter.main(RemoteTestNGStarter.java:123)
]]>
    </failure>
  </testcase> <!-- @AfterClass tearDown -->
  <testcase name="A002_adduser" time="0.009" classname="RegressionTest.DataProviderWithExcel_all">
    <skipped/>
  </testcase> <!-- A002_adduser -->
  <testcase name="A002_adduser" time="0.001" classname="RegressionTest.DataProviderWithExcel_all">
    <skipped/>
  </testcase> <!-- A002_adduser -->
  <testcase name="A002_adduser" time="0.001" classname="RegressionTest.DataProviderWithExcel_all">
    <skipped/>
  </testcase> <!-- A002_adduser -->
  <testcase name="A002_adduser" time="0.001" classname="RegressionTest.DataProviderWithExcel_all">
    <skipped/>
  </testcase> <!-- A002_adduser -->
  <testcase name="A002_adduser" time="0.0" classname="RegressionTest.DataProviderWithExcel_all">
    <skipped/>
  </testcase> <!-- A002_adduser -->
  <testcase name="A002_adduser" time="0.001" classname="RegressionTest.DataProviderWithExcel_all">
    <skipped/>
  </testcase> <!-- A002_adduser -->
  <testcase name="A002_adduser" time="0.0" classname="RegressionTest.DataProviderWithExcel_all">
    <skipped/>
  </testcase> <!-- A002_adduser -->
  <testcase name="A002_adduser" time="0.002" classname="RegressionTest.DataProviderWithExcel_all">
    <skipped/>
  </testcase> <!-- A002_adduser -->
  <testcase name="A002_adduser" time="0.0" classname="RegressionTest.DataProviderWithExcel_all">
    <skipped/>
  </testcase> <!-- A002_adduser -->
  <testcase name="B020_deleteUserMultiSelection" time="0.001" classname="RegressionTest.DataProviderWithExcel_all">
    <skipped/>
  </testcase> <!-- B020_deleteUserMultiSelection -->
</testsuite> <!-- C:/Users/ZTE_testing/IdeaProjects/WebDriverTest/src/test/java/RegressionTest/DataProviderWithExcel_all.java -->
