<?xml version="1.0" encoding="UTF-8"?>
<!-- Generated by org.testng.reporters.JUnitXMLReporter -->
<testsuite hostname="aleksander-ThinkPad-T410" failures="1" tests="23" name="ChromeTest" time="126.138" errors="0" timestamp="16 Apr 2019 09:26:42 GMT">
  <testcase classname="RegressionTest.DataProviderWithExcel_all" name="A002_adduser" time="5.179"/>
  <testcase classname="RegressionTest.DataProviderWithExcel_all" name="A002_adduser" time="3.979"/>
  <testcase classname="RegressionTest.DataProviderWithExcel_all" name="A002_adduser" time="3.917"/>
  <testcase classname="RegressionTest.DataProviderWithExcel_all" name="A002_adduser" time="3.891"/>
  <testcase classname="RegressionTest.DataProviderWithExcel_all" name="A002_adduser" time="4.021"/>
  <testcase classname="RegressionTest.DataProviderWithExcel_all" name="A002_adduser" time="3.86"/>
  <testcase classname="RegressionTest.DataProviderWithExcel_all" name="A002_adduser" time="3.94"/>
  <testcase classname="RegressionTest.DataProviderWithExcel_all" name="A002_adduser" time="3.828"/>
  <testcase classname="RegressionTest.DataProviderWithExcel_all" name="A002_adduser" time="3.983"/>
  <testcase classname="RegressionTest.DataProviderWithExcel_all" name="A010_UpdateUser" time="6.566"/>
  <testcase classname="RegressionTest.DataProviderWithExcel_all" name="A010_UpdateUser" time="6.578"/>
  <testcase classname="RegressionTest.DataProviderWithExcel_all" name="A010_UpdateUser" time="6.657"/>
  <testcase classname="RegressionTest.DataProviderWithExcel_all" name="A010_UpdateUser" time="6.704"/>
  <testcase classname="RegressionTest.DataProviderWithExcel_all" name="A010_UpdateUser" time="3.581">
    <failure type="org.openqa.selenium.NoSuchElementException" message="no such element: Unable to locate element: {&amp;quot;method&amp;quot;:&amp;quot;xpath&amp;quot;,&amp;quot;selector&amp;quot;:&amp;quot;//*[@id=&amp;quot;your-profile&amp;quot;]/table[1]/tbody/tr[3]/td/label/input&amp;quot;}
  (Session info: chrome=73.0.3683.103)
  (Driver info: chromedriver=2.45.615279 (12b89733300bd268cff3b78fc76cb8f3a7cc44e5),platform=Linux 4.18.0-17-generic x86_64) (WARNING: The server did not provide any stacktrace information)
Command duration or timeout: 0 milliseconds
For documentation on this error, please visit: https://www.seleniumhq.org/exceptions/no_such_element.html
Build info: version: &amp;apos;3.141.59&amp;apos;, revision: &amp;apos;e82be7d358&amp;apos;, time: &amp;apos;2018-11-14T08:17:03&amp;apos;
System info: host: &amp;apos;aleksander-ThinkPad-T410&amp;apos;, ip: &amp;apos;127.0.1.1&amp;apos;, os.name: &amp;apos;Linux&amp;apos;, os.arch: &amp;apos;amd64&amp;apos;, os.version: &amp;apos;4.18.0-17-generic&amp;apos;, java.version: &amp;apos;10.0.2&amp;apos;
Driver info: org.openqa.selenium.chrome.ChromeDriver
Capabilities {acceptInsecureCerts: false, acceptSslCerts: false, applicationCacheEnabled: false, browserConnectionEnabled: false, browserName: chrome, chrome: {chromedriverVersion: 2.45.615279 (12b89733300bd2..., userDataDir: /tmp/.org.chromium.Chromium...}, cssSelectorsEnabled: true, databaseEnabled: false, goog:chromeOptions: {debuggerAddress: localhost:33601}, handlesAlerts: true, hasTouchScreen: false, javascriptEnabled: true, locationContextEnabled: true, mobileEmulationEnabled: false, nativeEvents: true, networkConnectionEnabled: false, pageLoadStrategy: normal, platform: LINUX, platformName: LINUX, proxy: Proxy(), rotatable: false, setWindowRect: true, strictFileInteractability: false, takesHeapSnapshot: true, takesScreenshot: true, timeouts: {implicit: 0, pageLoad: 300000, script: 30000}, unexpectedAlertBehaviour: ignore, unhandledPromptBehavior: ignore, version: 73.0.3683.103, webStorageEnabled: true}
Session ID: 8a0b99a506f250cef73ec135eb0780ce
*** Element info: {Using=xpath, value=//*[@id=&amp;quot;your-profile&amp;quot;]/table[1]/tbody/tr[3]/td/label/input}">
      <![CDATA[org.openqa.selenium.NoSuchElementException: no such element: Unable to locate element: {"method":"xpath","selector":"//*[@id="your-profile"]/table[1]/tbody/tr[3]/td/label/input"}
  (Session info: chrome=73.0.3683.103)
  (Driver info: chromedriver=2.45.615279 (12b89733300bd268cff3b78fc76cb8f3a7cc44e5),platform=Linux 4.18.0-17-generic x86_64) (WARNING: The server did not provide any stacktrace information)
Command duration or timeout: 0 milliseconds
For documentation on this error, please visit: https://www.seleniumhq.org/exceptions/no_such_element.html
Build info: version: '3.141.59', revision: 'e82be7d358', time: '2018-11-14T08:17:03'
System info: host: 'aleksander-ThinkPad-T410', ip: '127.0.1.1', os.name: 'Linux', os.arch: 'amd64', os.version: '4.18.0-17-generic', java.version: '10.0.2'
Driver info: org.openqa.selenium.chrome.ChromeDriver
Capabilities {acceptInsecureCerts: false, acceptSslCerts: false, applicationCacheEnabled: false, browserConnectionEnabled: false, browserName: chrome, chrome: {chromedriverVersion: 2.45.615279 (12b89733300bd2..., userDataDir: /tmp/.org.chromium.Chromium...}, cssSelectorsEnabled: true, databaseEnabled: false, goog:chromeOptions: {debuggerAddress: localhost:33601}, handlesAlerts: true, hasTouchScreen: false, javascriptEnabled: true, locationContextEnabled: true, mobileEmulationEnabled: false, nativeEvents: true, networkConnectionEnabled: false, pageLoadStrategy: normal, platform: LINUX, platformName: LINUX, proxy: Proxy(), rotatable: false, setWindowRect: true, strictFileInteractability: false, takesHeapSnapshot: true, takesScreenshot: true, timeouts: {implicit: 0, pageLoad: 300000, script: 30000}, unexpectedAlertBehaviour: ignore, unhandledPromptBehavior: ignore, version: 73.0.3683.103, webStorageEnabled: true}
Session ID: 8a0b99a506f250cef73ec135eb0780ce
*** Element info: {Using=xpath, value=//*[@id="your-profile"]/table[1]/tbody/tr[3]/td/label/input}
	at org.openqa.selenium.remote.ErrorHandler.createThrowable(ErrorHandler.java:214)
	at org.openqa.selenium.remote.ErrorHandler.throwIfResponseFailed(ErrorHandler.java:166)
	at org.openqa.selenium.remote.http.JsonHttpResponseCodec.reconstructValue(JsonHttpResponseCodec.java:40)
	at org.openqa.selenium.remote.http.AbstractHttpResponseCodec.decode(AbstractHttpResponseCodec.java:80)
	at org.openqa.selenium.remote.http.AbstractHttpResponseCodec.decode(AbstractHttpResponseCodec.java:44)
	at org.openqa.selenium.remote.HttpCommandExecutor.execute(HttpCommandExecutor.java:158)
	at org.openqa.selenium.remote.service.DriverCommandExecutor.execute(DriverCommandExecutor.java:83)
	at org.openqa.selenium.remote.RemoteWebDriver.execute(RemoteWebDriver.java:552)
	at org.openqa.selenium.remote.RemoteWebDriver.findElement(RemoteWebDriver.java:323)
	at org.openqa.selenium.remote.RemoteWebDriver.findElementByXPath(RemoteWebDriver.java:428)
	at org.openqa.selenium.By$ByXPath.findElement(By.java:353)
	at org.openqa.selenium.remote.RemoteWebDriver.findElement(RemoteWebDriver.java:315)
	at RegressionTest.DataProviderWithExcel_all.A010_UpdateUser(DataProviderWithExcel_all.java:164)
	at org.apache.maven.surefire.testng.TestNGExecutor.run(TestNGExecutor.java:283)
	at org.apache.maven.surefire.testng.TestNGXmlTestSuite.execute(TestNGXmlTestSuite.java:75)
	at org.apache.maven.surefire.testng.TestNGProvider.invoke(TestNGProvider.java:120)
	at org.apache.maven.surefire.booter.ForkedBooter.invokeProviderInSameClassLoader(ForkedBooter.java:384)
	at org.apache.maven.surefire.booter.ForkedBooter.runSuitesInProcess(ForkedBooter.java:345)
	at org.apache.maven.surefire.booter.ForkedBooter.execute(ForkedBooter.java:126)
	at org.apache.maven.surefire.booter.ForkedBooter.main(ForkedBooter.java:418)
... Removed 25 stack frames]]>
    </failure>
  </testcase> <!-- A010_UpdateUser -->
  <testcase classname="RegressionTest.DataProviderWithExcel_all" name="A010_UpdateUser" time="7.216"/>
  <testcase classname="RegressionTest.DataProviderWithExcel_all" name="A010_UpdateUser" time="7.494"/>
  <testcase classname="RegressionTest.DataProviderWithExcel_all" name="A010_UpdateUser" time="7.821"/>
  <testcase classname="RegressionTest.DataProviderWithExcel_all" name="B010_deleteUser" time="3.62"/>
  <testcase classname="RegressionTest.DataProviderWithExcel_all" name="B010_deleteUser" time="3.418"/>
  <testcase classname="RegressionTest.DataProviderWithExcel_all" name="B010_deleteUser" time="3.505"/>
  <testcase classname="RegressionTest.DataProviderWithExcel_all" name="B010_deleteUser" time="3.402"/>
  <testcase classname="RegressionTest.DataProviderWithExcel_all" name="B010_deleteUser" time="3.326"/>
  <testcase classname="RegressionTest.DataProviderWithExcel_all" name="B020_deleteUserMultiSelection" time="9.655"/>
</testsuite> <!-- ChromeTest -->
